<?xml version="1.0" encoding="UTF-8"?>
<!-- Generated by org.testng.reporters.JUnitReportReporter -->
<testsuite skipped="1" hostname="CAPHYD-LAP-081" name="Pratice_one.Data_Write" tests="1" failures="0" timestamp="04 Mar 2019 17:48:32 GMT" time="0.000" errors="0">
  <testcase name="testt" time="0.000" classname="Pratice_one.Data_Write">
    <skipped/>
  </testcase> <!-- testt -->
</testsuite> <!-- Pratice_one.Data_Write -->
