<?xml version="1.0" encoding="UTF-8"?>
<!-- Generated by org.testng.reporters.JUnitReportReporter -->
<testsuite skipped="0" hostname="CAPHYD-LAP-081" name="Pratice_one.Screenshot" tests="1" failures="0" timestamp="03 Mar 2019 10:18:40 GMT" time="0.009" errors="0">
  <testcase name="testScreenShoot" time="0.009" classname="Pratice_one.Screenshot"/>
</testsuite> <!-- Pratice_one.Screenshot -->
