<?xml version="1.0" encoding="UTF-8"?>
<!-- Generated by org.testng.reporters.JUnitReportReporter -->
<testsuite skipped="0" hostname="CAPHYD-LAP-081" name="Pratice_one.Locators" tests="1" failures="0" timestamp="04 Jul 2019 05:37:26 GMT" time="70.683" errors="0">
  <testcase name="Test" time="70.683" classname="Pratice_one.Locators"/>
</testsuite> <!-- Pratice_one.Locators -->
